This is pdfTeX, Version 3.141592653-2.6-1.40.22 (TeX Live 2022/dev/Debian) (preloaded format=pdflatex 2026.3.12)  8 MAY 2026 16:44
entering extended mode
 restricted \write18 enabled.
 %&-line parsing enabled.
**/home/alan/FYPlatex/fyp.tex
(/home/alan/FYPlatex/fyp.tex
LaTeX2e <2021-11-15> patch level 1
L3 programming layer <2022-01-21> (/usr/share/texlive/texmf-dist/tex/latex/base/report.cls
Document Class: report 2021/10/04 v1.4n Standard LaTeX document class
(/usr/share/texlive/texmf-dist/tex/latex/base/size10.clo
File: size10.clo 2021/10/04 v1.4n Standard LaTeX file (size option)
)
\c@part=\count185
\c@chapter=\count186
\c@section=\count187
\c@subsection=\count188
\c@subsubsection=\count189
\c@paragraph=\count190
\c@subparagraph=\count191
\c@figure=\count192
\c@table=\count193
\abovecaptionskip=\skip47
\belowcaptionskip=\skip48
\bibindent=\dimen138
) (/usr/share/texlive/texmf-dist/tex/generic/babel/babel.sty
Package: babel 2022/01/26 3.70 The Babel package
\babel@savecnt=\count194
\U@D=\dimen139
\l@unhyphenated=\language87
 (/usr/share/texlive/texmf-dist/tex/generic/babel/txtbabel.def)
\bbl@readstream=\read2
\bbl@dirlevel=\count195
 (/usr/share/texlive/texmf-dist/tex/generic/babel-english/english.ldf
Language: english 2017/06/06 v3.3r English support from the babel system
Package babel Info: Hyphen rules for 'canadian' set to \l@english
(babel)             (\language0). Reported on input line 102.
Package babel Info: Hyphen rules for 'australian' set to \l@ukenglish
(babel)             (\language60). Reported on input line 105.
Package babel Info: Hyphen rules for 'newzealand' set to \l@ukenglish
(babel)             (\language60). Reported on input line 108.
)) (/usr/share/texlive/texmf-dist/tex/latex/base/fontenc.sty
Package: fontenc 2021/04/29 v2.0v Standard LaTeX package
) (/usr/share/texlive/texmf-dist/tex/latex/base/inputenc.sty
Package: inputenc 2021/02/14 v1.3d Input encoding file
\inpenc@prehook=\toks16
\inpenc@posthook=\toks17
) (/usr/share/texmf/tex/latex/lm/lmodern.sty
Package: lmodern 2009/10/30 v1.6 Latin Modern Fonts
LaTeX Font Info:    Overwriting symbol font `operators' in version `normal'
(Font)                  OT1/cmr/m/n --> OT1/lmr/m/n on input line 22.
LaTeX Font Info:    Overwriting symbol font `letters' in version `normal'
(Font)                  OML/cmm/m/it --> OML/lmm/m/it on input line 23.
LaTeX Font Info:    Overwriting symbol font `symbols' in version `normal'
(Font)                  OMS/cmsy/m/n --> OMS/lmsy/m/n on input line 24.
LaTeX Font Info:    Overwriting symbol font `largesymbols' in version `normal'
(Font)                  OMX/cmex/m/n --> OMX/lmex/m/n on input line 25.
LaTeX Font Info:    Overwriting symbol font `operators' in version `bold'
(Font)                  OT1/cmr/bx/n --> OT1/lmr/bx/n on input line 26.
LaTeX Font Info:    Overwriting symbol font `letters' in version `bold'
(Font)                  OML/cmm/b/it --> OML/lmm/b/it on input line 27.
LaTeX Font Info:    Overwriting symbol font `symbols' in version `bold'
(Font)                  OMS/cmsy/b/n --> OMS/lmsy/b/n on input line 28.
LaTeX Font Info:    Overwriting symbol font `largesymbols' in version `bold'
(Font)                  OMX/cmex/m/n --> OMX/lmex/m/n on input line 29.
LaTeX Font Info:    Overwriting math alphabet `\mathbf' in version `normal'
(Font)                  OT1/cmr/bx/n --> OT1/lmr/bx/n on input line 31.
LaTeX Font Info:    Overwriting math alphabet `\mathsf' in version `normal'
(Font)                  OT1/cmss/m/n --> OT1/lmss/m/n on input line 32.
LaTeX Font Info:    Overwriting math alphabet `\mathit' in version `normal'
(Font)                  OT1/cmr/m/it --> OT1/lmr/m/it on input line 33.
LaTeX Font Info:    Overwriting math alphabet `\mathtt' in version `normal'
(Font)                  OT1/cmtt/m/n --> OT1/lmtt/m/n on input line 34.
LaTeX Font Info:    Overwriting math alphabet `\mathbf' in version `bold'
(Font)                  OT1/cmr/bx/n --> OT1/lmr/bx/n on input line 35.
LaTeX Font Info:    Overwriting math alphabet `\mathsf' in version `bold'
(Font)                  OT1/cmss/bx/n --> OT1/lmss/bx/n on input line 36.
LaTeX Font Info:    Overwriting math alphabet `\mathit' in version `bold'
(Font)                  OT1/cmr/bx/it --> OT1/lmr/bx/it on input line 37.
LaTeX Font Info:    Overwriting math alphabet `\mathtt' in version `bold'
(Font)                  OT1/cmtt/m/n --> OT1/lmtt/m/n on input line 38.
) (/usr/share/texlive/texmf-dist/tex/latex/amsmath/amsmath.sty
Package: amsmath 2021/10/15 v2.17l AMS math features
\@mathmargin=\skip49

For additional information on amsmath, use the `?' option.
(/usr/share/texlive/texmf-dist/tex/latex/amsmath/amstext.sty
Package: amstext 2021/08/26 v2.01 AMS text
 (/usr/share/texlive/texmf-dist/tex/latex/amsmath/amsgen.sty
File: amsgen.sty 1999/11/30 v2.0 generic functions
\@emptytoks=\toks18
\ex@=\dimen140
)) (/usr/share/texlive/texmf-dist/tex/latex/amsmath/amsbsy.sty
Package: amsbsy 1999/11/29 v1.2d Bold Symbols
\pmbraise@=\dimen141
) (/usr/share/texlive/texmf-dist/tex/latex/amsmath/amsopn.sty
Package: amsopn 2021/08/26 v2.02 operator names
)
\inf@bad=\count196
LaTeX Info: Redefining \frac on input line 234.
\uproot@=\count197
\leftroot@=\count198
LaTeX Info: Redefining \overline on input line 399.
\classnum@=\count199
\DOTSCASE@=\count266
LaTeX Info: Redefining \ldots on input line 496.
LaTeX Info: Redefining \dots on input line 499.
LaTeX Info: Redefining \cdots on input line 620.
\Mathstrutbox@=\box50
\strutbox@=\box51
\big@size=\dimen142
LaTeX Font Info:    Redeclaring font encoding OML on input line 743.
LaTeX Font Info:    Redeclaring font encoding OMS on input line 744.
\macc@depth=\count267
\c@MaxMatrixCols=\count268
\dotsspace@=\muskip16
\c@parentequation=\count269
\dspbrk@lvl=\count270
\tag@help=\toks19
\row@=\count271
\column@=\count272
\maxfields@=\count273
\andhelp@=\toks20
\eqnshift@=\dimen143
\alignsep@=\dimen144
\tagshift@=\dimen145
\tagwidth@=\dimen146
\totwidth@=\dimen147
\lineht@=\dimen148
\@envbody=\toks21
\multlinegap=\skip50
\multlinetaggap=\skip51
\mathdisplay@stack=\toks22
LaTeX Info: Redefining \[ on input line 2938.
LaTeX Info: Redefining \] on input line 2939.
) (/usr/share/texlive/texmf-dist/tex/latex/amsfonts/amssymb.sty
Package: amssymb 2013/01/14 v3.01 AMS font symbols
 (/usr/share/texlive/texmf-dist/tex/latex/amsfonts/amsfonts.sty
Package: amsfonts 2013/01/14 v3.01 Basic AMSFonts support
\symAMSa=\mathgroup4
\symAMSb=\mathgroup5
LaTeX Font Info:    Redeclaring math symbol \hbar on input line 98.
LaTeX Font Info:    Overwriting math alphabet `\mathfrak' in version `bold'
(Font)                  U/euf/m/n --> U/euf/b/n on input line 106.
)) (/usr/share/texlive/texmf-dist/tex/latex/graphics/graphicx.sty
Package: graphicx 2021/09/16 v1.2d Enhanced LaTeX Graphics (DPC,SPQR)
 (/usr/share/texlive/texmf-dist/tex/latex/graphics/keyval.sty
Package: keyval 2014/10/28 v1.15 key=value parser (DPC)
\KV@toks@=\toks23
) (/usr/share/texlive/texmf-dist/tex/latex/graphics/graphics.sty
Package: graphics 2021/03/04 v1.4d Standard LaTeX Graphics (DPC,SPQR)
 (/usr/share/texlive/texmf-dist/tex/latex/graphics/trig.sty
Package: trig 2021/08/11 v1.11 sin cos tan (DPC)
) (/usr/share/texlive/texmf-dist/tex/latex/graphics-cfg/graphics.cfg
File: graphics.cfg 2016/06/04 v1.11 sample graphics configuration
)
Package graphics Info: Driver file: pdftex.def on input line 107.
 (/usr/share/texlive/texmf-dist/tex/latex/graphics-def/pdftex.def
File: pdftex.def 2020/10/05 v1.2a Graphics/color driver for pdftex
))
\Gin@req@height=\dimen149
\Gin@req@width=\dimen150
) (/usr/share/texlive/texmf-dist/tex/latex/caption/caption.sty
Package: caption 2020/10/26 v3.5g Customizing captions (AR)
 (/usr/share/texlive/texmf-dist/tex/latex/caption/caption3.sty
Package: caption3 2020/10/21 v2.2e caption3 kernel (AR)
\captionmargin=\dimen151
\captionmargin@=\dimen152
\captionwidth=\dimen153
\caption@tempdima=\dimen154
\caption@indent=\dimen155
\caption@parindent=\dimen156
\caption@hangindent=\dimen157
Package caption Info: Standard document class detected.
)
\c@caption@flags=\count274
\c@continuedfloat=\count275
) (/usr/share/texlive/texmf-dist/tex/latex/caption/subcaption.sty
Package: subcaption 2020/10/07 v1.3j Sub-captions (AR)
\c@subfigure=\count276
\c@subtable=\count277
) (/usr/share/texlive/texmf-dist/tex/latex/placeins/placeins.sty
Package: placeins 2005/04/18  v 2.2
) (/usr/share/texlive/texmf-dist/tex/latex/float/float.sty
Package: float 2001/11/08 v1.3d Float enhancements (AL)
\c@float@type=\count278
\float@exts=\toks24
\float@box=\box52
\@float@everytoks=\toks25
\@floatcapt=\box53
) (/usr/share/texlive/texmf-dist/tex/latex/booktabs/booktabs.sty
Package: booktabs 2020/01/12 v1.61803398 Publication quality tables
\heavyrulewidth=\dimen158
\lightrulewidth=\dimen159
\cmidrulewidth=\dimen160
\belowrulesep=\dimen161
\belowbottomsep=\dimen162
\aboverulesep=\dimen163
\abovetopsep=\dimen164
\cmidrulesep=\dimen165
\cmidrulekern=\dimen166
\defaultaddspace=\dimen167
\@cmidla=\count279
\@cmidlb=\count280
\@aboverulesep=\dimen168
\@belowrulesep=\dimen169
\@thisruleclass=\count281
\@lastruleclass=\count282
\@thisrulewidth=\dimen170
) (/usr/share/texlive/texmf-dist/tex/latex/colortbl/colortbl.sty
Package: colortbl 2020/01/04 v1.0e Color table columns (DPC)
 (/usr/share/texlive/texmf-dist/tex/latex/tools/array.sty
Package: array 2021/10/04 v2.5f Tabular extension package (FMi)
\col@sep=\dimen171
\ar@mcellbox=\box54
\extrarowheight=\dimen172
\NC@list=\toks26
\extratabsurround=\skip52
\backup@length=\skip53
\ar@cellbox=\box55
) (/usr/share/texlive/texmf-dist/tex/latex/graphics/color.sty
Package: color 2021/12/07 v1.3c Standard LaTeX Color (DPC)
 (/usr/share/texlive/texmf-dist/tex/latex/graphics-cfg/color.cfg
File: color.cfg 2016/01/02 v1.6 sample color configuration
)
Package color Info: Driver file: pdftex.def on input line 149.
)
\everycr=\toks27
\minrowclearance=\skip54
) (/usr/share/texlive/texmf-dist/tex/latex/listings/listings.sty
\lst@mode=\count283
\lst@gtempboxa=\box56
\lst@token=\toks28
\lst@length=\count284
\lst@currlwidth=\dimen173
\lst@column=\count285
\lst@pos=\count286
\lst@lostspace=\dimen174
\lst@width=\dimen175
\lst@newlines=\count287
\lst@lineno=\count288
\lst@maxwidth=\dimen176
 (/usr/share/texlive/texmf-dist/tex/latex/listings/lstmisc.sty
File: lstmisc.sty 2020/03/24 1.8d (Carsten Heinz)
\c@lstnumber=\count289
\lst@skipnumbers=\count290
\lst@framebox=\box57
) (/usr/share/texlive/texmf-dist/tex/latex/listings/listings.cfg
File: listings.cfg 2020/03/24 1.8d listings configuration
))
Package: listings 2020/03/24 1.8d (Carsten Heinz)
 (/usr/share/texlive/texmf-dist/tex/latex/siunitx/siunitx.sty
Package: siunitx 2022-02-02 v3.0.46 A comprehensive (SI) units package
\l__siunitx_angle_tmp_dim=\dimen177
\l__siunitx_angle_marker_box=\box58
\l__siunitx_angle_unit_box=\box59
\l__siunitx_compound_count_int=\count291
 (/usr/share/texlive/texmf-dist/tex/latex/translations/translations.sty
Package: translations 2022/01/04 v1.11 internationalization of LaTeX2e packages (CN)
 (/usr/share/texlive/texmf-dist/tex/latex/etoolbox/etoolbox.sty
Package: etoolbox 2020/10/05 v2.5k e-TeX tools for LaTeX (JAW)
\etb@tempcnta=\count292
) (/usr/share/texlive/texmf-dist/tex/generic/pdftexcmds/pdftexcmds.sty
Package: pdftexcmds 2020-06-27 v0.33 Utility functions of pdfTeX for LuaTeX (HO)
 (/usr/share/texlive/texmf-dist/tex/generic/infwarerr/infwarerr.sty
Package: infwarerr 2019/12/03 v1.5 Providing info/warning/error messages (HO)
) (/usr/share/texlive/texmf-dist/tex/generic/iftex/iftex.sty
Package: iftex 2020/03/06 v1.0d TeX engine tests
) (/usr/share/texlive/texmf-dist/tex/generic/ltxcmds/ltxcmds.sty
Package: ltxcmds 2020-05-10 v1.25 LaTeX kernel commands for general use (HO)
)
Package pdftexcmds Info: \pdf@primitive is available.
Package pdftexcmds Info: \pdf@ifprimitive is available.
Package pdftexcmds Info: \pdfdraftmode found.
))
\l__siunitx_number_exponent_fixed_int=\count293
\l__siunitx_number_min_decimal_int=\count294
\l__siunitx_number_min_integer_int=\count295
\l__siunitx_number_round_precision_int=\count296
\l__siunitx_number_group_minimum_int=\count297
\l__siunitx_table_tmp_box=\box60
\l__siunitx_table_tmp_dim=\dimen178
\l__siunitx_table_column_width_dim=\dimen179
\l__siunitx_table_integer_box=\box61
\l__siunitx_table_decimal_box=\box62
\l__siunitx_table_before_box=\box63
\l__siunitx_table_after_box=\box64
\l__siunitx_table_before_dim=\dimen180
\l__siunitx_table_carry_dim=\dimen181
\l__siunitx_unit_tmp_int=\count298
\l__siunitx_unit_position_int=\count299
\l__siunitx_unit_total_int=\count300
 (/usr/share/texlive/texmf-dist/tex/latex/l3packages/l3keys2e/l3keys2e.sty (/usr/share/texlive/texmf-dist/tex/latex/l3kernel/expl3.sty
Package: expl3 2022-01-21 L3 programming layer (loader) 
 (/usr/share/texlive/texmf-dist/tex/latex/l3backend/l3backend-pdftex.def
File: l3backend-pdftex.def 2022-01-12 L3 backend support: PDF output (pdfTeX)
\l__color_backend_stack_int=\count301
\l__pdf_internal_box=\box65
))
Package: l3keys2e 2022-01-12 LaTeX2e option processing using LaTeX3 keys
)) (/usr/share/texlive/texmf-dist/tex/latex/xcolor/xcolor.sty
Package: xcolor 2021/10/31 v2.13 LaTeX color extensions (UK)
 (/usr/share/texlive/texmf-dist/tex/latex/graphics-cfg/color.cfg
File: color.cfg 2016/01/02 v1.6 sample color configuration
)
Package xcolor Info: Driver file: pdftex.def on input line 227.
LaTeX Info: Redefining \color on input line 711.
Package xcolor Info: Model `cmy' substituted by `cmy0' on input line 1352.
Package xcolor Info: Model `hsb' substituted by `rgb' on input line 1356.
Package xcolor Info: Model `RGB' extended on input line 1368.
Package xcolor Info: Model `HTML' substituted by `rgb' on input line 1370.
Package xcolor Info: Model `Hsb' substituted by `hsb' on input line 1371.
Package xcolor Info: Model `tHsb' substituted by `hsb' on input line 1372.
Package xcolor Info: Model `HSB' substituted by `hsb' on input line 1373.
Package xcolor Info: Model `Gray' substituted by `gray' on input line 1374.
Package xcolor Info: Model `wave' substituted by `hsb' on input line 1375.
) (/usr/share/texlive/texmf-dist/tex/latex/microtype/microtype.sty
Package: microtype 2021/12/10 v3.0b Micro-typographical refinements (RS)
\MT@toks=\toks29
\MT@count=\count302
\MT@tempbox=\box66
LaTeX Info: Redefining \leftprotrusion on input line 1010.
LaTeX Info: Redefining \rightprotrusion on input line 1018.
LaTeX Info: Redefining \textls on input line 1173.
\MT@outer@kern=\dimen182
LaTeX Info: Redefining \textmicrotypecontext on input line 1759.
\MT@listname@count=\count303
 (/usr/share/texlive/texmf-dist/tex/latex/microtype/microtype-pdftex.def
File: microtype-pdftex.def 2021/12/10 v3.0b Definitions specific to pdftex (RS)
LaTeX Info: Redefining \lsstyle on input line 897.
LaTeX Info: Redefining \lslig on input line 897.
\MT@outer@space=\skip55
)
Package microtype Info: Loading configuration file microtype.cfg.
 (/usr/share/texlive/texmf-dist/tex/latex/microtype/microtype.cfg
File: microtype.cfg 2021/12/10 v3.0b microtype main configuration file (RS)
)) (/usr/share/texlive/texmf-dist/tex/latex/titlesec/titlesec.sty
Package: titlesec 2021/07/05 v2.14 Sectioning titles
\ttl@box=\box67
\beforetitleunit=\skip56
\aftertitleunit=\skip57
\ttl@plus=\dimen183
\ttl@minus=\dimen184
\ttl@toksa=\toks30
\titlewidth=\dimen185
\titlewidthlast=\dimen186
\titlewidthfirst=\dimen187
) (/usr/share/texlive/texmf-dist/tex/latex/hyperref/hyperref.sty
Package: hyperref 2021-06-07 v7.00m Hypertext links for LaTeX
 (/usr/share/texlive/texmf-dist/tex/generic/kvsetkeys/kvsetkeys.sty
Package: kvsetkeys 2019/12/15 v1.18 Key value parser (HO)
) (/usr/share/texlive/texmf-dist/tex/generic/kvdefinekeys/kvdefinekeys.sty
Package: kvdefinekeys 2019-12-19 v1.6 Define keys (HO)
) (/usr/share/texlive/texmf-dist/tex/generic/pdfescape/pdfescape.sty
Package: pdfescape 2019/12/09 v1.15 Implements pdfTeX's escape features (HO)
) (/usr/share/texlive/texmf-dist/tex/latex/hycolor/hycolor.sty
Package: hycolor 2020-01-27 v1.10 Color options for hyperref/bookmark (HO)
) (/usr/share/texlive/texmf-dist/tex/latex/letltxmacro/letltxmacro.sty
Package: letltxmacro 2019/12/03 v1.6 Let assignment for LaTeX macros (HO)
) (/usr/share/texlive/texmf-dist/tex/latex/auxhook/auxhook.sty
Package: auxhook 2019-12-17 v1.6 Hooks for auxiliary files (HO)
) (/usr/share/texlive/texmf-dist/tex/latex/kvoptions/kvoptions.sty
Package: kvoptions 2020-10-07 v3.14 Key value format for package options (HO)
)
\@linkdim=\dimen188
\Hy@linkcounter=\count304
\Hy@pagecounter=\count305
 (/usr/share/texlive/texmf-dist/tex/latex/hyperref/pd1enc.def
File: pd1enc.def 2021-06-07 v7.00m Hyperref: PDFDocEncoding definition (HO)
Now handling font encoding PD1 ...
... no UTF-8 mapping file for font encoding PD1
) (/usr/share/texlive/texmf-dist/tex/latex/hyperref/hyperref-langpatches.def
File: hyperref-langpatches.def 2021-06-07 v7.00m Hyperref: patches for babel languages
) (/usr/share/texlive/texmf-dist/tex/generic/intcalc/intcalc.sty
Package: intcalc 2019/12/15 v1.3 Expandable calculations with integers (HO)
) (/usr/share/texlive/texmf-dist/tex/generic/etexcmds/etexcmds.sty
Package: etexcmds 2019/12/15 v1.7 Avoid name clashes with e-TeX commands (HO)
)
\Hy@SavedSpaceFactor=\count306
 (/usr/share/texlive/texmf-dist/tex/latex/hyperref/puenc.def
File: puenc.def 2021-06-07 v7.00m Hyperref: PDF Unicode definition (HO)
Now handling font encoding PU ...
... no UTF-8 mapping file for font encoding PU
)
Package hyperref Info: Hyper figures OFF on input line 4192.
Package hyperref Info: Link nesting OFF on input line 4197.
Package hyperref Info: Hyper index ON on input line 4200.
Package hyperref Info: Plain pages OFF on input line 4207.
Package hyperref Info: Backreferencing OFF on input line 4212.
Package hyperref Info: Implicit mode ON; LaTeX internals redefined.
Package hyperref Info: Bookmarks ON on input line 4445.
\c@Hy@tempcnt=\count307
 (/usr/share/texlive/texmf-dist/tex/latex/url/url.sty
\Urlmuskip=\muskip17
Package: url 2013/09/16  ver 3.4  Verb mode for urls, etc.
)
LaTeX Info: Redefining \url on input line 4804.
\XeTeXLinkMargin=\dimen189
 (/usr/share/texlive/texmf-dist/tex/generic/bitset/bitset.sty
Package: bitset 2019/12/09 v1.3 Handle bit-vector datatype (HO)
 (/usr/share/texlive/texmf-dist/tex/generic/bigintcalc/bigintcalc.sty
Package: bigintcalc 2019/12/15 v1.5 Expandable calculations on big integers (HO)
))
\Fld@menulength=\count308
\Field@Width=\dimen190
\Fld@charsize=\dimen191
Package hyperref Info: Hyper figures OFF on input line 6076.
Package hyperref Info: Link nesting OFF on input line 6081.
Package hyperref Info: Hyper index ON on input line 6084.
Package hyperref Info: backreferencing OFF on input line 6091.
Package hyperref Info: Link coloring OFF on input line 6096.
Package hyperref Info: Link coloring with OCG OFF on input line 6101.
Package hyperref Info: PDF/A mode OFF on input line 6106.
LaTeX Info: Redefining \ref on input line 6146.
LaTeX Info: Redefining \pageref on input line 6150.
 (/usr/share/texlive/texmf-dist/tex/latex/base/atbegshi-ltx.sty
Package: atbegshi-ltx 2021/01/10 v1.0c Emulation of the original atbegshi
package with kernel methods
)
\Hy@abspage=\count309
\c@Item=\count310
\c@Hfootnote=\count311
)
Package hyperref Info: Driver (autodetected): hpdftex.
 (/usr/share/texlive/texmf-dist/tex/latex/hyperref/hpdftex.def
File: hpdftex.def 2021-06-07 v7.00m Hyperref driver for pdfTeX
 (/usr/share/texlive/texmf-dist/tex/latex/base/atveryend-ltx.sty
Package: atveryend-ltx 2020/08/19 v1.0a Emulation of the original atveryend package
with kernel methods
)
\Fld@listcount=\count312
\c@bookmark@seq@number=\count313
 (/usr/share/texlive/texmf-dist/tex/latex/rerunfilecheck/rerunfilecheck.sty
Package: rerunfilecheck 2019/12/05 v1.9 Rerun checks for auxiliary files (HO)
 (/usr/share/texlive/texmf-dist/tex/generic/uniquecounter/uniquecounter.sty
Package: uniquecounter 2019/12/15 v1.4 Provide unlimited unique counter (HO)
)
Package uniquecounter Info: New unique counter `rerunfilecheck' on input line 286.
)
\Hy@SectionHShift=\skip58
) (/usr/share/texlive/texmf-dist/tex/latex/bookmark/bookmark.sty
Package: bookmark 2020-11-06 v1.29 PDF bookmarks (HO)
 (/usr/share/texlive/texmf-dist/tex/latex/bookmark/bkm-pdftex.def
File: bkm-pdftex.def 2020-11-06 v1.29 bookmark driver for pdfTeX (HO)
\BKM@id=\count314
)) (/usr/share/texlive/texmf-dist/tex/latex/appendix/appendix.sty
Package: appendix 2020/02/08 v1.2c extra appendix facilities
\c@@pps=\count315
\c@@ppsavesec=\count316
\c@@ppsaveapp=\count317
) (/usr/share/texlive/texmf-dist/tex/latex/pdfpages/pdfpages.sty
Package: pdfpages 2022/01/29 v0.5u Insert pages of external PDF documents (AM)
 (/usr/share/texlive/texmf-dist/tex/latex/base/ifthen.sty
Package: ifthen 2020/11/24 v1.1c Standard LaTeX ifthen package (DPC)
) (/usr/share/texlive/texmf-dist/tex/latex/tools/calc.sty
Package: calc 2017/05/25 v4.3 Infix arithmetic (KKT,FJ)
\calc@Acount=\count318
\calc@Bcount=\count319
\calc@Adimen=\dimen192
\calc@Bdimen=\dimen193
\calc@Askip=\skip59
\calc@Bskip=\skip60
LaTeX Info: Redefining \setlength on input line 80.
LaTeX Info: Redefining \addtolength on input line 81.
\calc@Ccount=\count320
\calc@Cskip=\skip61
) (/usr/share/texlive/texmf-dist/tex/latex/eso-pic/eso-pic.sty
Package: eso-pic 2020/10/14 v3.0a eso-pic (RN)
\ESO@tempdima=\dimen194
\ESO@tempdimb=\dimen195
)
\AM@pagewidth=\dimen196
\AM@pageheight=\dimen197
\AM@fboxrule=\dimen198
 (/usr/share/texlive/texmf-dist/tex/latex/pdfpages/pppdftex.def
File: pppdftex.def 2022/01/29 v0.5u Pdfpages driver for pdfTeX (AM)
)
\pdfpages@includegraphics@status=\count321
\AM@pagebox=\box68
\AM@global@opts=\toks31
\AM@pagecnt=\count322
\AM@toc@title=\toks32
\c@AM@survey=\count323
\AM@templatesizebox=\box69
) (/usr/share/texlive/texmf-dist/tex/latex/datetime2/datetime2.sty
Package: datetime2 2021/03/21 v1.5.7 (NLCT) date and time formats
 (/usr/share/texlive/texmf-dist/tex/latex/tracklang/tracklang.sty
Package: tracklang 2020/06/30 v1.5 (NLCT) Track Languages
 (/usr/share/texlive/texmf-dist/tex/generic/tracklang/tracklang.tex)) (/usr/share/texlive/texmf-dist/tex/latex/xkeyval/xkeyval.sty
Package: xkeyval 2020/11/20 v2.8 package option processing (HA)
 (/usr/share/texlive/texmf-dist/tex/generic/xkeyval/xkeyval.tex (/usr/share/texlive/texmf-dist/tex/generic/xkeyval/xkvutils.tex
\XKV@toks=\toks33
\XKV@tempa@toks=\toks34
)
\XKV@depth=\count324
File: xkeyval.tex 2014/12/03 v2.7a key=value parser (HA)
)) (/usr/share/texlive/texmf-dist/tex/latex/datetime2-english/datetime2-english.ldf
File: datetime2-english.ldf 2019/10/21 v1.05 (NLCT)
 (/usr/share/texlive/texmf-dist/tex/latex/datetime2-english/datetime2-english-base.ldf
File: datetime2-english-base.ldf 2019/10/21 v1.05 (NLCT)
))) (/usr/share/texlive/texmf-dist/tex/latex/svg/svg.sty
Package: svg 2020/11/26 v2.02k (include SVG pictures)
 (/usr/share/texlive/texmf-dist/tex/latex/koma-script/scrbase.sty
Package: scrbase 2021/11/13 v3.35 KOMA-Script package (KOMA-Script-independent basics and keyval usage)
 (/usr/share/texlive/texmf-dist/tex/latex/koma-script/scrlfile.sty
Package: scrlfile 2021/11/13 v3.35 KOMA-Script package (file load hooks)
 (/usr/share/texlive/texmf-dist/tex/latex/koma-script/scrlfile-hook.sty
Package: scrlfile-hook 2021/11/13 v3.35 KOMA-Script package (using LaTeX hooks)
 (/usr/share/texlive/texmf-dist/tex/latex/koma-script/scrlogo.sty
Package: scrlogo 2021/11/13 v3.35 KOMA-Script package (logo)
)))
Applying: [2021/05/01] Usage of raw or classic option list on input line 252.
Already applied: [0000/00/00] Usage of raw or classic option list on input line 368.
) (/usr/share/texlive/texmf-dist/tex/latex/trimspaces/trimspaces.sty
Package: trimspaces 2009/09/17 v1.1 Trim spaces around a token list
) (/usr/share/texlive/texmf-dist/tex/latex/tools/shellesc.sty
Package: shellesc 2019/11/08 v1.0c unified shell escape interface for LaTeX
Package shellesc Info: Restricted shell escape enabled on input line 77.
)
\c@svg@param@lastpage=\count325
\svg@box=\box70
\c@svg@param@currpage=\count326
) (/usr/share/texlive/texmf-dist/tex/latex/transparent/transparent.sty
Package: transparent 2019/11/29 v1.4 Transparency via pdfTeX's color stack (HO)
) (/usr/share/texlive/texmf-dist/tex/latex/pgf/systemlayer/pgfsys.sty (/usr/share/texlive/texmf-dist/tex/latex/pgf/utilities/pgfrcs.sty (/usr/share/texlive/texmf-dist/tex/generic/pgf/utilities/pgfutil-common.tex
\pgfutil@everybye=\toks35
\pgfutil@tempdima=\dimen199
\pgfutil@tempdimb=\dimen256
 (/usr/share/texlive/texmf-dist/tex/generic/pgf/utilities/pgfutil-common-lists.tex)) (/usr/share/texlive/texmf-dist/tex/generic/pgf/utilities/pgfutil-latex.def
\pgfutil@abb=\box71
) (/usr/share/texlive/texmf-dist/tex/generic/pgf/utilities/pgfrcs.code.tex (/usr/share/texlive/texmf-dist/tex/generic/pgf/pgf.revision.tex)
Package: pgfrcs 2021/05/15 v3.1.9a (3.1.9a)
)) (/usr/share/texlive/texmf-dist/tex/generic/pgf/systemlayer/pgfsys.code.tex
Package: pgfsys 2021/05/15 v3.1.9a (3.1.9a)
 (/usr/share/texlive/texmf-dist/tex/generic/pgf/utilities/pgfkeys.code.tex
\pgfkeys@pathtoks=\toks36
\pgfkeys@temptoks=\toks37
 (/usr/share/texlive/texmf-dist/tex/generic/pgf/utilities/pgfkeysfiltered.code.tex
\pgfkeys@tmptoks=\toks38
))
\pgf@x=\dimen257
\pgf@y=\dimen258
\pgf@xa=\dimen259
\pgf@ya=\dimen260
\pgf@xb=\dimen261
\pgf@yb=\dimen262
\pgf@xc=\dimen263
\pgf@yc=\dimen264
\pgf@xd=\dimen265
\pgf@yd=\dimen266
\w@pgf@writea=\write3
\r@pgf@reada=\read3
\c@pgf@counta=\count327
\c@pgf@countb=\count328
\c@pgf@countc=\count329
\c@pgf@countd=\count330
\t@pgf@toka=\toks39
\t@pgf@tokb=\toks40
\t@pgf@tokc=\toks41
\pgf@sys@id@count=\count331
 (/usr/share/texlive/texmf-dist/tex/generic/pgf/systemlayer/pgf.cfg
File: pgf.cfg 2021/05/15 v3.1.9a (3.1.9a)
)
Driver file for pgf: pgfsys-pdftex.def
 (/usr/share/texlive/texmf-dist/tex/generic/pgf/systemlayer/pgfsys-pdftex.def
File: pgfsys-pdftex.def 2021/05/15 v3.1.9a (3.1.9a)
 (/usr/share/texlive/texmf-dist/tex/generic/pgf/systemlayer/pgfsys-common-pdf.def
File: pgfsys-common-pdf.def 2021/05/15 v3.1.9a (3.1.9a)
))) (/usr/share/texlive/texmf-dist/tex/generic/pgf/systemlayer/pgfsyssoftpath.code.tex
File: pgfsyssoftpath.code.tex 2021/05/15 v3.1.9a (3.1.9a)
\pgfsyssoftpath@smallbuffer@items=\count332
\pgfsyssoftpath@bigbuffer@items=\count333
) (/usr/share/texlive/texmf-dist/tex/generic/pgf/systemlayer/pgfsysprotocol.code.tex
File: pgfsysprotocol.code.tex 2021/05/15 v3.1.9a (3.1.9a)
)) (/usr/share/texlive/texmf-dist/tex/latex/fundus-calligra/calligra.sty
Package: calligra 2012/04/10 v1.9 LaTeX package calligra
) (/usr/share/texlive/texmf-dist/tex/latex/base/fontenc.sty
Package: fontenc 2021/04/29 v2.0v Standard LaTeX package
LaTeX Font Info:    Trying to load font information for T1+lmr on input line 112.
 (/usr/share/texmf/tex/latex/lm/t1lmr.fd
File: t1lmr.fd 2009/10/30 v1.6 Font defs for Latin Modern
)) (/usr/share/texlive/texmf-dist/tex/latex/geometry/geometry.sty
Package: geometry 2020/01/02 v5.9 Page Geometry
 (/usr/share/texlive/texmf-dist/tex/generic/iftex/ifvtex.sty
Package: ifvtex 2019/10/25 v1.7 ifvtex legacy package. Use iftex instead.
)
\Gm@cnth=\count334
\Gm@cntv=\count335
\c@Gm@tempcnt=\count336
\Gm@bindingoffset=\dimen267
\Gm@wd@mp=\dimen268
\Gm@odd@mp=\dimen269
\Gm@even@mp=\dimen270
\Gm@layoutwidth=\dimen271
\Gm@layoutheight=\dimen272
\Gm@layouthoffset=\dimen273
\Gm@layoutvoffset=\dimen274
\Gm@dimlist=\toks42
) (/usr/share/texlive/texmf-dist/tex/latex/listings/lstlang1.sty
File: lstlang1.sty 2020/03/24 1.8d listings language file
)
Package hyperref Info: Option `colorlinks' set `true' on input line 96.
 (./fyp.aux

LaTeX Warning: Label `eq:snr' multiply defined.


LaTeX Warning: Label `eq:noise' multiply defined.

)
\openout1 = `fyp.aux'.

LaTeX Font Info:    Checking defaults for OML/cmm/m/it on input line 103.
LaTeX Font Info:    ... okay on input line 103.
LaTeX Font Info:    Checking defaults for OMS/cmsy/m/n on input line 103.
LaTeX Font Info:    ... okay on input line 103.
LaTeX Font Info:    Checking defaults for OT1/cmr/m/n on input line 103.
LaTeX Font Info:    ... okay on input line 103.
LaTeX Font Info:    Checking defaults for T1/cmr/m/n on input line 103.
LaTeX Font Info:    ... okay on input line 103.
LaTeX Font Info:    Checking defaults for TS1/cmr/m/n on input line 103.
LaTeX Font Info:    ... okay on input line 103.
LaTeX Font Info:    Checking defaults for OMX/cmex/m/n on input line 103.
LaTeX Font Info:    ... okay on input line 103.
LaTeX Font Info:    Checking defaults for U/cmr/m/n on input line 103.
LaTeX Font Info:    ... okay on input line 103.
LaTeX Font Info:    Checking defaults for PD1/pdf/m/n on input line 103.
LaTeX Font Info:    ... okay on input line 103.
LaTeX Font Info:    Checking defaults for PU/pdf/m/n on input line 103.
LaTeX Font Info:    ... okay on input line 103.
 (/usr/share/texlive/texmf-dist/tex/context/base/mkii/supp-pdf.mkii
[Loading MPS to PDF converter (version 2006.09.02).]
\scratchcounter=\count337
\scratchdimen=\dimen275
\scratchbox=\box72
\nofMPsegments=\count338
\nofMParguments=\count339
\everyMPshowfont=\toks43
\MPscratchCnt=\count340
\MPscratchDim=\dimen276
\MPnumerator=\count341
\makeMPintoPDFobject=\count342
\everyMPtoPDFconversion=\toks44
) (/usr/share/texlive/texmf-dist/tex/latex/epstopdf-pkg/epstopdf-base.sty
Package: epstopdf-base 2020-01-24 v2.11 Base part for package epstopdf
Package epstopdf-base Info: Redefining graphics rule for `.eps' on input line 485.
 (/usr/share/texlive/texmf-dist/tex/latex/latexconfig/epstopdf-sys.cfg
File: epstopdf-sys.cfg 2010/07/13 v1.3 Configuration of (r)epstopdf for TeX Live
))
Package caption Info: Begin \AtBeginDocument code.
Package caption Info: float package is loaded.
Package caption Info: hyperref package is loaded.
Package caption Info: listings package is loaded.
Package caption Info: End \AtBeginDocument code.
\c@lstlisting=\count343
 (/usr/share/texlive/texmf-dist/tex/latex/translations/translations-basic-dictionary-english.trsl
File: translations-basic-dictionary-english.trsl (english translation file `translations-basic-dictionary')
)
Package translations Info: loading dictionary `translations-basic-dictionary' for `english'. on input line 103.
LaTeX Info: Redefining \microtypecontext on input line 103.
Package microtype Info: Applying patch `item' on input line 103.
Package microtype Info: Applying patch `toc' on input line 103.
Package microtype Info: Applying patch `eqnum' on input line 103.
Package microtype Info: Applying patch `footnote' on input line 103.
Package microtype Info: Generating PDF output.
Package microtype Info: Character protrusion enabled (level 2).
Package microtype Info: Using default protrusion set `alltext'.
Package microtype Info: Automatic font expansion enabled (level 2),
(microtype)             stretch: 20, shrink: 20, step: 1, non-selected.
Package microtype Info: Using default expansion set `alltext-nott'.
LaTeX Info: Redefining \showhyphens on input line 103.
Package microtype Info: No adjustment of tracking.
Package microtype Info: No adjustment of interword spacing.
Package microtype Info: No adjustment of character kerning.
 (/usr/share/texlive/texmf-dist/tex/latex/microtype/mt-cmr.cfg
File: mt-cmr.cfg 2013/05/19 v2.2 microtype config. file: Computer Modern Roman (RS)
)
Package hyperref Info: Link coloring ON on input line 103.
 (/usr/share/texlive/texmf-dist/tex/latex/hyperref/nameref.sty
Package: nameref 2021-04-02 v2.47 Cross-referencing by name of section
 (/usr/share/texlive/texmf-dist/tex/latex/refcount/refcount.sty
Package: refcount 2019/12/15 v3.6 Data extraction from label references (HO)
) (/usr/share/texlive/texmf-dist/tex/generic/gettitlestring/gettitlestring.sty
Package: gettitlestring 2019/12/15 v1.6 Cleanup title references (HO)
)
\c@section@level=\count344
)
LaTeX Info: Redefining \ref on input line 103.
LaTeX Info: Redefining \pageref on input line 103.
LaTeX Info: Redefining \nameref on input line 103.
 (/usr/share/texlive/texmf-dist/tex/latex/pdflscape/pdflscape.sty
Package: pdflscape 2019/12/05 v0.12 Display of landscape pages in PDF (HO)
 (/usr/share/texlive/texmf-dist/tex/latex/graphics/lscape.sty
Package: lscape 2020/05/28 v3.02 Landscape Pages (DPC)
)
Package pdflscape Info: Auto-detected driver: pdftex on input line 81.
)
*geometry* driver: auto-detecting
*geometry* detected driver: pdftex
*geometry* verbose mode - [ preamble ] result:
* driver: pdftex
* paper: a4paper
* layout: <same size as paper>
* layoutoffset:(h,v)=(0.0pt,0.0pt)
* modes: 
* h-part:(L,W,R)=(34.14322pt, 529.22144pt, 34.14322pt)
* v-part:(T,H,B)=(45.52458pt, 753.99768pt, 45.52458pt)
* \paperwidth=597.50787pt
* \paperheight=845.04684pt
* \textwidth=529.22144pt
* \textheight=753.99768pt
* \oddsidemargin=-38.12677pt
* \evensidemargin=-38.12677pt
* \topmargin=-46.43587pt
* \headheight=14.0pt
* \headsep=5.69046pt
* \topskip=10.0pt
* \footskip=17.07182pt
* \marginparwidth=56.9055pt
* \marginparsep=11.0pt
* \columnsep=10.0pt
* \skip\footins=9.0pt plus 4.0pt minus 2.0pt
* \hoffset=0.0pt
* \voffset=0.0pt
* \mag=1000
* \@twocolumnfalse
* \@twosidefalse
* \@mparswitchfalse
* \@reversemarginfalse
* (1in=72.27pt=25.4mm, 1cm=28.453pt)

Package microtype Info: Character `029' is missing
(microtype)             in font `T1/lmr/m/sc/10'.
(microtype)             Ignoring protrusion settings for this character.
Package microtype Info: Character `029' is missing
(microtype)             in font `T1/lmr/m/sc/17.28'.
(microtype)             Ignoring protrusion settings for this character.
Package microtype Info: Character `029' is missing
(microtype)             in font `T1/lmr/m/sc/14.4'.
(microtype)             Ignoring protrusion settings for this character.
<figures/_NUIM.png, id=7, 132.31416pt x 88.8622pt>
File: figures/_NUIM.png Graphic file (type png)
<use figures/_NUIM.png>
Package pdftex.def Info: figures/_NUIM.png  used on input line 112.
(pdftex.def)             Requested size: 264.61072pt x 177.71309pt.
Package microtype Info: Character `029' is missing
(microtype)             in font `T1/lmr/m/sc/12'.
(microtype)             Ignoring protrusion settings for this character.
LaTeX Font Info:    Trying to load font information for OT1+lmr on input line 127.
(/usr/share/texmf/tex/latex/lm/ot1lmr.fd
File: ot1lmr.fd 2009/10/30 v1.6 Font defs for Latin Modern
)
LaTeX Font Info:    Trying to load font information for OML+lmm on input line 127.
 (/usr/share/texmf/tex/latex/lm/omllmm.fd
File: omllmm.fd 2009/10/30 v1.6 Font defs for Latin Modern
)
LaTeX Font Info:    Trying to load font information for OMS+lmsy on input line 127.
 (/usr/share/texmf/tex/latex/lm/omslmsy.fd
File: omslmsy.fd 2009/10/30 v1.6 Font defs for Latin Modern
)
LaTeX Font Info:    Trying to load font information for OMX+lmex on input line 127.
 (/usr/share/texmf/tex/latex/lm/omxlmex.fd
File: omxlmex.fd 2009/10/30 v1.6 Font defs for Latin Modern
)
LaTeX Font Info:    External font `lmex10' loaded for size
(Font)              <14.4> on input line 127.
LaTeX Font Info:    External font `lmex10' loaded for size
(Font)              <10> on input line 127.
LaTeX Font Info:    External font `lmex10' loaded for size
(Font)              <7> on input line 127.
LaTeX Font Info:    Trying to load font information for U+msa on input line 127.
 (/usr/share/texlive/texmf-dist/tex/latex/amsfonts/umsa.fd
File: umsa.fd 2013/01/14 v3.01 AMS symbols A
) (/usr/share/texlive/texmf-dist/tex/latex/microtype/mt-msa.cfg
File: mt-msa.cfg 2006/02/04 v1.1 microtype config. file: AMS symbols (a) (RS)
)
LaTeX Font Info:    Trying to load font information for U+msb on input line 127.
 (/usr/share/texlive/texmf-dist/tex/latex/amsfonts/umsb.fd
File: umsb.fd 2013/01/14 v3.01 AMS symbols B
) (/usr/share/texlive/texmf-dist/tex/latex/microtype/mt-msb.cfg
File: mt-msb.cfg 2005/06/01 v1.0 microtype config. file: AMS symbols (b) (RS)
) [1

{/var/lib/texmf/fonts/map/pdftex/updmap/pdftex.map} <./figures/_NUIM.png>] (./fyp.toc
LaTeX Font Info:    External font `lmex10' loaded for size
(Font)              <5> on input line 3.
 [1


])
\tf@toc=\write4
\openout4 = `fyp.toc'.

 [2] (./fyp.lof)
\tf@lof=\write5
\openout5 = `fyp.lof'.

 [3


] [4] (./fyp.lot)
\tf@lot=\write6
\openout6 = `fyp.lot'.

 [5


]pdfTeX warning (ext4): destination with the same identifier (name{page.i}) has been already used, duplicate ignored
<to be read again> 
                   \relax 
l.156 \end{abstract}
                     [1

]pdfTeX warning (ext4): destination with the same identifier (name{page.i}) has been already used, duplicate ignored
<to be read again> 
                   \relax 
l.176 \clearpage
                 [1

]pdfTeX warning (ext4): destination with the same identifier (name{page.ii}) has been already used, duplicate ignored
<to be read again> 
                   \relax 
l.186 \clearpage
                 [2

] (./Chapters/Introduction.tex
Chapter 1.
<figures/IrelandBroadband.png, id=364, 425.01643pt x 523.09714pt>
File: figures/IrelandBroadband.png Graphic file (type png)
<use figures/IrelandBroadband.png>
Package pdftex.def Info: figures/IrelandBroadband.png  used on input line 17.
(pdftex.def)             Requested size: 211.68533pt x 260.5422pt.
pdfTeX warning (ext4): destination with the same identifier (name{page.1}) has been already used, duplicate ignored
<to be read again> 
                   \relax 
l.25 
      [1


 <./figures/IrelandBroadband.png>]
LaTeX Font Info:    Trying to load font information for TS1+lmr on input line 43.
 (/usr/share/texmf/tex/latex/lm/ts1lmr.fd
File: ts1lmr.fd 2009/10/30 v1.6 Font defs for Latin Modern
) [2]
<figures/TelesatMap.png, id=395, 185.94469pt x 181.42781pt>
File: figures/TelesatMap.png Graphic file (type png)
<use figures/TelesatMap.png>
Package pdftex.def Info: figures/TelesatMap.png  used on input line 103.
(pdftex.def)             Requested size: 211.68533pt x 206.55025pt.
<figures/OneWebOrbits.png, id=398, 304.13625pt x 266.9975pt>
File: figures/OneWebOrbits.png Graphic file (type png)
<use figures/OneWebOrbits.png>
Package pdftex.def Info: figures/OneWebOrbits.png  used on input line 110.
(pdftex.def)             Requested size: 254.02402pt x 223.00932pt.


LaTeX Warning: `!h' float specifier changed to `!ht'.

[3]
<figures/StarlinkOrbits.png, id=413, 304.13625pt x 266.9975pt>
File: figures/StarlinkOrbits.png Graphic file (type png)
<use figures/StarlinkOrbits.png>
Package pdftex.def Info: figures/StarlinkOrbits.png  used on input line 133.
(pdftex.def)             Requested size: 211.68533pt x 185.84178pt.


LaTeX Warning: `!h' float specifier changed to `!ht'.

[4 <./figures/TelesatMap.png> <./figures/OneWebOrbits.png>]

Package caption Warning: The option `hypcap=true' will be ignored for this
(caption)                particular \caption on input line 154.
See the caption package documentation for explanation.

[5 <./figures/StarlinkOrbits.png>]
<figures/Alaska_broadband_budget.png, id=453, 1205.50375pt x 715.67375pt>
File: figures/Alaska_broadband_budget.png Graphic file (type png)
<use figures/Alaska_broadband_budget.png>
Package pdftex.def Info: figures/Alaska_broadband_budget.png  used on input line 209.
(pdftex.def)             Requested size: 317.53609pt x 188.50601pt.
 [6]
<figures/alaska-broadband-provide.png, id=469, 1479.5275pt x 1003.75pt>
File: figures/alaska-broadband-provide.png Graphic file (type png)
<use figures/alaska-broadband-provide.png>
Package pdftex.def Info: figures/alaska-broadband-provide.png  used on input line 226.
(pdftex.def)             Requested size: 389.00262pt x 263.90952pt.
<figures/alaska-broadband-provide (1).png, id=470, 1479.5275pt x 1003.75pt>
File: figures/alaska-broadband-provide (1).png Graphic file (type png)
<use figures/alaska-broadband-provide (1).png>
Package pdftex.def Info: figures/alaska-broadband-provide (1).png  used on input line 237.
(pdftex.def)             Requested size: 389.00262pt x 263.90952pt.
 [7 <./figures/Alaska_broadband_budget.png> <./figures/alaska-broadband-provide.png>] [8 <./figures/alaska-broadband-provide (1).png>]
<figures/LEOcostComparison.png, id=494, 490.08093pt x 341.77687pt>
File: figures/LEOcostComparison.png Graphic file (type png)
<use figures/LEOcostComparison.png>
Package pdftex.def Info: figures/LEOcostComparison.png  used on input line 285.
(pdftex.def)             Requested size: 396.91608pt x 276.81166pt.
 [9]) (./Chapters/LitReview.tex [10 <./figures/LEOcostComparison.png>]
Chapter 2.
<figures/satelliteOrbitPath.png, id=527, 455.5419pt x 267.399pt>
File: figures/satelliteOrbitPath.png Graphic file (type png)
<use figures/satelliteOrbitPath.png>
Package pdftex.def Info: figures/satelliteOrbitPath.png  used on input line 22.
(pdftex.def)             Requested size: 449.62547pt x 263.90378pt.
[11

 <./figures/satelliteOrbitPath.png>]
<figures/MSTV.png, id=538, 393.72093pt x 318.43968pt>
File: figures/MSTV.png Graphic file (type png)
<use figures/MSTV.png>
Package pdftex.def Info: figures/MSTV.png  used on input line 31.
(pdftex.def)             Requested size: 326.28966pt x 263.90378pt.
<figures/paper2ContinuouslyConnectedUsers.pdf, id=549, 245.12564pt x 207.79489pt>
File: figures/paper2ContinuouslyConnectedUsers.pdf Graphic file (type pdf)
<use figures/paper2ContinuouslyConnectedUsers.pdf>
Package pdftex.def Info: figures/paper2ContinuouslyConnectedUsers.pdf  used on input line 49.
(pdftex.def)             Requested size: 254.02402pt x 215.33743pt.
LaTeX Font Info:    External font `lmex10' loaded for size
(Font)              <9> on input line 50.
LaTeX Font Info:    External font `lmex10' loaded for size
(Font)              <6> on input line 50.
 [12 <./figures/MSTV.png>]
<figures/paper2HybridCoverageProbabilility.pdf, id=561, 250.39035pt x 208.48009pt>
File: figures/paper2HybridCoverageProbabilility.pdf Graphic file (type pdf)
<use figures/paper2HybridCoverageProbabilility.pdf>
Package pdftex.def Info: figures/paper2HybridCoverageProbabilility.pdf  used on input line 65.
(pdftex.def)             Requested size: 254.02402pt x 211.51755pt.
<figures/paper2DataRate.pdf, id=564, 250.39003pt x 206.88463pt>
File: figures/paper2DataRate.pdf Graphic file (type pdf)
<use figures/paper2DataRate.pdf>
Package pdftex.def Info: figures/paper2DataRate.pdf  used on input line 72.
(pdftex.def)             Requested size: 254.02402pt x 209.89885pt.
 [13 <./figures/paper2ContinuouslyConnectedUsers.pdf> <./figures/paper2HybridCoverageProbabilility.pdf

pdfTeX warning: pdflatex (file ./figures/paper2HybridCoverageProbabilility.pdf): PDF inclusion: multiple pdfs with page group included in a single page
> <./figures/paper2DataRate.pdf

pdfTeX warning: pdflatex (file ./figures/paper2DataRate.pdf): PDF inclusion: multiple pdfs with page group included in a single page
>]
<figures/paper3_MedianSpeedsMap.pdf, id=637, 329.56236pt x 70.44669pt>
File: figures/paper3_MedianSpeedsMap.pdf Graphic file (type pdf)
<use figures/paper3_MedianSpeedsMap.pdf>
Package pdftex.def Info: figures/paper3_MedianSpeedsMap.pdf  used on input line 90.
(pdftex.def)             Requested size: 423.37875pt x 90.50896pt.
<figures/paper3MedianUpDown.pdf, id=642, 241.77019pt x 69.60924pt>
File: figures/paper3MedianUpDown.pdf Graphic file (type pdf)
<use figures/paper3MedianUpDown.pdf>
Package pdftex.def Info: figures/paper3MedianUpDown.pdf  used on input line 100.
(pdftex.def)             Requested size: 396.91608pt x 114.28625pt.
 [14

 <./figures/paper3_MedianSpeedsMap.pdf> <./figures/paper3MedianUpDown.pdf

pdfTeX warning: pdflatex (file ./figures/paper3MedianUpDown.pdf): PDF inclusion: multiple pdfs with page group included in a single page
>]) (./Chapters/SystemDesign.tex [15]
Chapter 3.
LaTeX Font Info:    Trying to load font information for T1+lmtt on input line 33.
(/usr/share/texmf/tex/latex/lm/t1lmtt.fd
File: t1lmtt.fd 2009/10/30 v1.6 Font defs for Latin Modern
)
Package microtype Info: Loading generic protrusion settings for font family
(microtype)             `lmtt' (encoding: T1).
(microtype)             For optimal results, create family-specific settings.
(microtype)             See the microtype manual for details.
 [16

] [17]
<figures/ECEF.png, id=707, 353.06906pt x 283.0575pt>
File: figures/ECEF.png Graphic file (type png)
<use figures/ECEF.png>
Package pdftex.def Info: figures/ECEF.png  used on input line 92.
(pdftex.def)             Requested size: 211.68533pt x 169.71054pt.
) (./Chapters/Implementation.tex [18 <./figures/ECEF.png>]
Chapter 4.
<figures/FYP_Overall_Logic.pdf, id=717, 596.95016pt x 474.8139pt>
File: figures/FYP_Overall_Logic.pdf Graphic file (type pdf)
<use figures/FYP_Overall_Logic.pdf>
Package pdftex.def Info: figures/FYP_Overall_Logic.pdf  used on input line 6.
(pdftex.def)             Requested size: 529.22144pt x 420.94566pt.
[19

 <./figures/FYP_Overall_Logic.pdf>] [20] [21] [22] [23] [24] [25] [26] [27]) (./Chapters/Results.tex [28]
Chapter 5.
[29

] [30]
<figures/Coverage_heatmaps/IrelandPopulationDensity.png, id=1016, 933.7284pt x 951.7959pt>
File: figures/Coverage_heatmaps/IrelandPopulationDensity.png Graphic file (type png)
<use figures/Coverage_heatmaps/IrelandPopulationDensity.png>
Package pdftex.def Info: figures/Coverage_heatmaps/IrelandPopulationDensity.png  used on input line 148.
(pdftex.def)             Requested size: 317.53609pt x 323.67894pt.
<figures/Coverage_heatmaps/Thursday-23rd(8am-8pm)/Starlink/Starlink_all_8am-8pm_coverage_percentage.png, id=1023, 721.9773pt x 577.4373pt>
File: figures/Coverage_heatmaps/Thursday-23rd(8am-8pm)/Starlink/Starlink_all_8am-8pm_coverage_percentage.png Graphic file (type png)
<use figures/Coverage_heatmaps/Thursday-23rd(8am-8pm)/Starlink/Starlink_all_8am-8pm_coverage_percentage.png>
Package pdftex.def Info: figures/Coverage_heatmaps/Thursday-23rd(8am-8pm)/Starlink/Starlink_all_8am-8pm_coverage_percentage.png  used on input line 165.
(pdftex.def)             Requested size: 423.37875pt x 338.61447pt.
<figures/Coverage_heatmaps/Thursday-23rd(8am-8pm)/Starlink/starlink_all_8am-8pm_mbps.png, id=1024, 721.9773pt x 577.4373pt>
File: figures/Coverage_heatmaps/Thursday-23rd(8am-8pm)/Starlink/starlink_all_8am-8pm_mbps.png Graphic file (type png)
<use figures/Coverage_heatmaps/Thursday-23rd(8am-8pm)/Starlink/starlink_all_8am-8pm_mbps.png>
Package pdftex.def Info: figures/Coverage_heatmaps/Thursday-23rd(8am-8pm)/Starlink/starlink_all_8am-8pm_mbps.png  used on input line 172.
(pdftex.def)             Requested size: 423.37875pt x 338.61447pt.
 [31 <./figures/Coverage_heatmaps/IrelandPopulationDensity.png>] [32 <./figures/Coverage_heatmaps/Thursday-23rd(8am-8pm)/Starlink/Starlink_all_8am-8pm_coverage_percentage.png> <./figures/Coverage_heatmaps/Thursday-23rd(8am-8pm)/Starlink/starlink_all_8am-8pm_mbps.png>]
<figures/Coverage_heatmaps/Thursday-23rd(8am-8pm)/Starlink/StarlinkTracksGlobal.png, id=1037, 1754.7156pt x 878.0805pt>
File: figures/Coverage_heatmaps/Thursday-23rd(8am-8pm)/Starlink/StarlinkTracksGlobal.png Graphic file (type png)
<use figures/Coverage_heatmaps/Thursday-23rd(8am-8pm)/Starlink/StarlinkTracksGlobal.png>
Package pdftex.def Info: figures/Coverage_heatmaps/Thursday-23rd(8am-8pm)/Starlink/StarlinkTracksGlobal.png  used on input line 183.
(pdftex.def)             Requested size: 423.37875pt x 211.8557pt.
<figures/Coverage_heatmaps/Thursday-23rd(8am-8pm)/Starlink/StarlinkTracksIreland.png, id=1038, 926.5014pt x 878.0805pt>
File: figures/Coverage_heatmaps/Thursday-23rd(8am-8pm)/Starlink/StarlinkTracksIreland.png Graphic file (type png)
<use figures/Coverage_heatmaps/Thursday-23rd(8am-8pm)/Starlink/StarlinkTracksIreland.png>
Package pdftex.def Info: figures/Coverage_heatmaps/Thursday-23rd(8am-8pm)/Starlink/StarlinkTracksIreland.png  used on input line 190.
(pdftex.def)             Requested size: 211.68533pt x 200.61443pt.
<figures/Coverage_heatmaps/Thursday-23rd(8am-8pm)/StarlinkDTC/StarlinkDTC_8am-8pm_percerntage.png, id=1049, 721.9773pt x 577.4373pt>
File: figures/Coverage_heatmaps/Thursday-23rd(8am-8pm)/StarlinkDTC/StarlinkDTC_8am-8pm_percerntage.png Graphic file (type png)
<use figures/Coverage_heatmaps/Thursday-23rd(8am-8pm)/StarlinkDTC/StarlinkDTC_8am-8pm_percerntage.png>
Package pdftex.def Info: figures/Coverage_heatmaps/Thursday-23rd(8am-8pm)/StarlinkDTC/StarlinkDTC_8am-8pm_percerntage.png  used on input line 213.
(pdftex.def)             Requested size: 423.37875pt x 338.61447pt.
<figures/Coverage_heatmaps/Thursday-23rd(8am-8pm)/StarlinkDTC/StarlinkDTC_8am-8pm_mbps.png, id=1050, 721.9773pt x 577.4373pt>
File: figures/Coverage_heatmaps/Thursday-23rd(8am-8pm)/StarlinkDTC/StarlinkDTC_8am-8pm_mbps.png Graphic file (type png)
<use figures/Coverage_heatmaps/Thursday-23rd(8am-8pm)/StarlinkDTC/StarlinkDTC_8am-8pm_mbps.png>
Package pdftex.def Info: figures/Coverage_heatmaps/Thursday-23rd(8am-8pm)/StarlinkDTC/StarlinkDTC_8am-8pm_mbps.png  used on input line 220.
(pdftex.def)             Requested size: 423.37875pt x 338.61447pt.
 [33 <./figures/Coverage_heatmaps/Thursday-23rd(8am-8pm)/Starlink/StarlinkTracksGlobal.png> <./figures/Coverage_heatmaps/Thursday-23rd(8am-8pm)/Starlink/StarlinkTracksIreland.png>] [34 <./figures/Coverage_heatmaps/Thursday-23rd(8am-8pm)/StarlinkDTC/StarlinkDTC_8am-8pm_percerntage.png> <./figures/Coverage_heatmaps/Thursday-23rd(8am-8pm)/StarlinkDTC/StarlinkDTC_8am-8pm_mbps.png>]
<figures/Coverage_heatmaps/Thursday-23rd(8am-8pm)/StarlinkDTC/StarlinkDTCGlobalTracks.png, id=1069, 1754.7156pt x 878.0805pt>
File: figures/Coverage_heatmaps/Thursday-23rd(8am-8pm)/StarlinkDTC/StarlinkDTCGlobalTracks.png Graphic file (type png)
<use figures/Coverage_heatmaps/Thursday-23rd(8am-8pm)/StarlinkDTC/StarlinkDTCGlobalTracks.png>
Package pdftex.def Info: figures/Coverage_heatmaps/Thursday-23rd(8am-8pm)/StarlinkDTC/StarlinkDTCGlobalTracks.png  used on input line 229.
(pdftex.def)             Requested size: 476.29605pt x 238.34436pt.
<figures/Coverage_heatmaps/Thursday-23rd(8am-8pm)/StarlinkDTC/StarlinkDTCIrelandTracks.png, id=1070, 799.3062pt x 683.6742pt>
File: figures/Coverage_heatmaps/Thursday-23rd(8am-8pm)/StarlinkDTC/StarlinkDTCIrelandTracks.png Graphic file (type png)
<use figures/Coverage_heatmaps/Thursday-23rd(8am-8pm)/StarlinkDTC/StarlinkDTCIrelandTracks.png>
Package pdftex.def Info: figures/Coverage_heatmaps/Thursday-23rd(8am-8pm)/StarlinkDTC/StarlinkDTCIrelandTracks.png  used on input line 236.
(pdftex.def)             Requested size: 211.68533pt x 181.05804pt.
<figures/Coverage_heatmaps/Thursday-23rd(8am-8pm)/OneWeb/OneWeb_8am-8pm_coverage_percentage.png, id=1075, 721.9773pt x 577.4373pt>
File: figures/Coverage_heatmaps/Thursday-23rd(8am-8pm)/OneWeb/OneWeb_8am-8pm_coverage_percentage.png Graphic file (type png)
<use figures/Coverage_heatmaps/Thursday-23rd(8am-8pm)/OneWeb/OneWeb_8am-8pm_coverage_percentage.png>
Package pdftex.def Info: figures/Coverage_heatmaps/Thursday-23rd(8am-8pm)/OneWeb/OneWeb_8am-8pm_coverage_percentage.png  used on input line 251.
(pdftex.def)             Requested size: 370.45338pt x 296.28656pt.
<figures/Coverage_heatmaps/Thursday-23rd(8am-8pm)/OneWeb/OneWeb_8am-8pm_mbps.png, id=1076, 721.9773pt x 577.4373pt>
File: figures/Coverage_heatmaps/Thursday-23rd(8am-8pm)/OneWeb/OneWeb_8am-8pm_mbps.png Graphic file (type png)
<use figures/Coverage_heatmaps/Thursday-23rd(8am-8pm)/OneWeb/OneWeb_8am-8pm_mbps.png>
Package pdftex.def Info: figures/Coverage_heatmaps/Thursday-23rd(8am-8pm)/OneWeb/OneWeb_8am-8pm_mbps.png  used on input line 258.
(pdftex.def)             Requested size: 370.45338pt x 296.28656pt.
 [35 <./figures/Coverage_heatmaps/Thursday-23rd(8am-8pm)/StarlinkDTC/StarlinkDTCGlobalTracks.png> <./figures/Coverage_heatmaps/Thursday-23rd(8am-8pm)/StarlinkDTC/StarlinkDTCIrelandTracks.png>] [36 <./figures/Coverage_heatmaps/Thursday-23rd(8am-8pm)/OneWeb/OneWeb_8am-8pm_coverage_percentage.png> <./figures/Coverage_heatmaps/Thursday-23rd(8am-8pm)/OneWeb/OneWeb_8am-8pm_mbps.png>]
<figures/Coverage_heatmaps/Thursday-23rd(8am-8pm)/OneWeb/OneWebGroundTracksGlobal.png, id=1092, 1754.7156pt x 878.0805pt>
File: figures/Coverage_heatmaps/Thursday-23rd(8am-8pm)/OneWeb/OneWebGroundTracksGlobal.png Graphic file (type png)
<use figures/Coverage_heatmaps/Thursday-23rd(8am-8pm)/OneWeb/OneWebGroundTracksGlobal.png>
Package pdftex.def Info: figures/Coverage_heatmaps/Thursday-23rd(8am-8pm)/OneWeb/OneWebGroundTracksGlobal.png  used on input line 268.
(pdftex.def)             Requested size: 476.29605pt x 238.34436pt.
<figures/Coverage_heatmaps/Thursday-23rd(8am-8pm)/OneWeb/OneWebGroundTracksIreland.png, id=1093, 1325.4318pt x 878.0805pt>
File: figures/Coverage_heatmaps/Thursday-23rd(8am-8pm)/OneWeb/OneWebGroundTracksIreland.png Graphic file (type png)
<use figures/Coverage_heatmaps/Thursday-23rd(8am-8pm)/OneWeb/OneWebGroundTracksIreland.png>
Package pdftex.def Info: figures/Coverage_heatmaps/Thursday-23rd(8am-8pm)/OneWeb/OneWebGroundTracksIreland.png  used on input line 275.
(pdftex.def)             Requested size: 211.68533pt x 140.22778pt.
<figures/Coverage_heatmaps/Thursday-23rd(8am-8pm)/Kuiper/Kuiper_8am-8pm_coverage_percentage.png, id=1098, 721.9773pt x 577.4373pt>
File: figures/Coverage_heatmaps/Thursday-23rd(8am-8pm)/Kuiper/Kuiper_8am-8pm_coverage_percentage.png Graphic file (type png)
<use figures/Coverage_heatmaps/Thursday-23rd(8am-8pm)/Kuiper/Kuiper_8am-8pm_coverage_percentage.png>
Package pdftex.def Info: figures/Coverage_heatmaps/Thursday-23rd(8am-8pm)/Kuiper/Kuiper_8am-8pm_coverage_percentage.png  used on input line 294.
(pdftex.def)             Requested size: 423.37875pt x 338.61447pt.
<figures/Coverage_heatmaps/Thursday-23rd(8am-8pm)/Kuiper/Kuiper_8am-8pm_coverage_mbps.pdf, id=1099, 722.13974pt x 577.56721pt>
File: figures/Coverage_heatmaps/Thursday-23rd(8am-8pm)/Kuiper/Kuiper_8am-8pm_coverage_mbps.pdf Graphic file (type pdf)
<use figures/Coverage_heatmaps/Thursday-23rd(8am-8pm)/Kuiper/Kuiper_8am-8pm_coverage_mbps.pdf>
Package pdftex.def Info: figures/Coverage_heatmaps/Thursday-23rd(8am-8pm)/Kuiper/Kuiper_8am-8pm_coverage_mbps.pdf  used on input line 301.
(pdftex.def)             Requested size: 423.37875pt x 338.62016pt.
 [37 <./figures/Coverage_heatmaps/Thursday-23rd(8am-8pm)/OneWeb/OneWebGroundTracksGlobal.png> <./figures/Coverage_heatmaps/Thursday-23rd(8am-8pm)/OneWeb/OneWebGroundTracksIreland.png>] [38 <./figures/Coverage_heatmaps/Thursday-23rd(8am-8pm)/Kuiper/Kuiper_8am-8pm_coverage_percentage.png> <./figures/Coverage_heatmaps/Thursday-23rd(8am-8pm)/Kuiper/Kuiper_8am-8pm_coverage_mbps.pdf>]
<figures/Coverage_heatmaps/Thursday-23rd(8am-8pm)/Kuiper/KuiperTracksGlobal.png, id=8793, 1754.7156pt x 878.0805pt>
File: figures/Coverage_heatmaps/Thursday-23rd(8am-8pm)/Kuiper/KuiperTracksGlobal.png Graphic file (type png)
<use figures/Coverage_heatmaps/Thursday-23rd(8am-8pm)/Kuiper/KuiperTracksGlobal.png>
Package pdftex.def Info: figures/Coverage_heatmaps/Thursday-23rd(8am-8pm)/Kuiper/KuiperTracksGlobal.png  used on input line 311.
(pdftex.def)             Requested size: 476.29605pt x 238.34436pt.
<figures/Coverage_heatmaps/Thursday-23rd(8am-8pm)/Kuiper/KuiperTracksIreland.png, id=8794, 901.9296pt x 878.0805pt>
File: figures/Coverage_heatmaps/Thursday-23rd(8am-8pm)/Kuiper/KuiperTracksIreland.png Graphic file (type png)
<use figures/Coverage_heatmaps/Thursday-23rd(8am-8pm)/Kuiper/KuiperTracksIreland.png>
Package pdftex.def Info: figures/Coverage_heatmaps/Thursday-23rd(8am-8pm)/Kuiper/KuiperTracksIreland.png  used on input line 318.
(pdftex.def)             Requested size: 211.68533pt x 206.08098pt.

Overfull \hbox (24.29744pt too wide) in paragraph at lines 333--347
 [][] 
 []


LaTeX Warning: `h' float specifier changed to `ht'.

[39 <./figures/Coverage_heatmaps/Thursday-23rd(8am-8pm)/Kuiper/KuiperTracksGlobal.png> <./figures/Coverage_heatmaps/Thursday-23rd(8am-8pm)/Kuiper/KuiperTracksIreland.png>]
<figures/Coverage_heatmaps/DifferentBeamwidths/Starlink_10Degree_percentage.png, id=8806, 721.9773pt x 577.4373pt>
File: figures/Coverage_heatmaps/DifferentBeamwidths/Starlink_10Degree_percentage.png Graphic file (type png)
<use figures/Coverage_heatmaps/DifferentBeamwidths/Starlink_10Degree_percentage.png>
Package pdftex.def Info: figures/Coverage_heatmaps/DifferentBeamwidths/Starlink_10Degree_percentage.png  used on input line 364.
(pdftex.def)             Requested size: 370.45338pt x 296.28656pt.
<figures/Coverage_heatmaps/DifferentBeamwidths/Starlink_10Degree_mbps.png, id=8807, 721.9773pt x 577.4373pt>
File: figures/Coverage_heatmaps/DifferentBeamwidths/Starlink_10Degree_mbps.png Graphic file (type png)
<use figures/Coverage_heatmaps/DifferentBeamwidths/Starlink_10Degree_mbps.png>
Package pdftex.def Info: figures/Coverage_heatmaps/DifferentBeamwidths/Starlink_10Degree_mbps.png  used on input line 372.
(pdftex.def)             Requested size: 370.45338pt x 296.28656pt.
<figures/Coverage_heatmaps/DifferentBeamwidths/Starlink_20Degree_Percentage.png, id=8808, 721.9773pt x 577.4373pt>
File: figures/Coverage_heatmaps/DifferentBeamwidths/Starlink_20Degree_Percentage.png Graphic file (type png)
<use figures/Coverage_heatmaps/DifferentBeamwidths/Starlink_20Degree_Percentage.png>
Package pdftex.def Info: figures/Coverage_heatmaps/DifferentBeamwidths/Starlink_20Degree_Percentage.png  used on input line 380.
(pdftex.def)             Requested size: 370.45338pt x 296.28656pt.
<figures/Coverage_heatmaps/DifferentBeamwidths/Starlink_20Degree_mbps.png, id=8809, 721.9773pt x 577.4373pt>
File: figures/Coverage_heatmaps/DifferentBeamwidths/Starlink_20Degree_mbps.png Graphic file (type png)
<use figures/Coverage_heatmaps/DifferentBeamwidths/Starlink_20Degree_mbps.png>
Package pdftex.def Info: figures/Coverage_heatmaps/DifferentBeamwidths/Starlink_20Degree_mbps.png  used on input line 388.
(pdftex.def)             Requested size: 370.45338pt x 296.28656pt.
 [40 <./figures/Coverage_heatmaps/DifferentBeamwidths/Starlink_10Degree_percentage.png>] [41 <./figures/Coverage_heatmaps/DifferentBeamwidths/Starlink_10Degree_mbps.png> <./figures/Coverage_heatmaps/DifferentBeamwidths/Starlink_20Degree_Percentage.png>]
<figures/Coverage_heatmaps/baseline_mbps.png, id=8828, 721.9773pt x 577.4373pt>
File: figures/Coverage_heatmaps/baseline_mbps.png Graphic file (type png)
<use figures/Coverage_heatmaps/baseline_mbps.png>
Package pdftex.def Info: figures/Coverage_heatmaps/baseline_mbps.png  used on input line 409.
(pdftex.def)             Requested size: 370.45338pt x 296.28656pt.
 [42 <./figures/Coverage_heatmaps/DifferentBeamwidths/Starlink_20Degree_mbps.png>]
<figures/Coverage_heatmaps/BeamContention/10UsersStarlink_percent.png, id=8838, 722.7pt x 578.16pt>
File: figures/Coverage_heatmaps/BeamContention/10UsersStarlink_percent.png Graphic file (type png)
<use figures/Coverage_heatmaps/BeamContention/10UsersStarlink_percent.png>
Package pdftex.def Info: figures/Coverage_heatmaps/BeamContention/10UsersStarlink_percent.png  used on input line 417.
(pdftex.def)             Requested size: 370.45338pt x 296.36626pt.
<figures/Coverage_heatmaps/BeamContention/10UsersStarlink_mbps.png, id=8839, 722.7pt x 578.16pt>
File: figures/Coverage_heatmaps/BeamContention/10UsersStarlink_mbps.png Graphic file (type png)
<use figures/Coverage_heatmaps/BeamContention/10UsersStarlink_mbps.png>
Package pdftex.def Info: figures/Coverage_heatmaps/BeamContention/10UsersStarlink_mbps.png  used on input line 424.
(pdftex.def)             Requested size: 370.45338pt x 296.36626pt.
 [43 <./figures/Coverage_heatmaps/baseline_mbps.png> <./figures/Coverage_heatmaps/BeamContention/10UsersStarlink_percent.png>]
<figures/Coverage_heatmaps/gain/Starlink_3dB_mbps.png, id=8849, 721.9773pt x 577.4373pt>
File: figures/Coverage_heatmaps/gain/Starlink_3dB_mbps.png Graphic file (type png)
<use figures/Coverage_heatmaps/gain/Starlink_3dB_mbps.png>
Package pdftex.def Info: figures/Coverage_heatmaps/gain/Starlink_3dB_mbps.png  used on input line 438.
(pdftex.def)             Requested size: 370.45338pt x 296.28656pt.
 [44 <./figures/Coverage_heatmaps/BeamContention/10UsersStarlink_mbps.png>]
<figures/5g-48.png, id=8860, 650.43pt x 822.07124pt>
File: figures/5g-48.png Graphic file (type png)
<use figures/5g-48.png>
Package pdftex.def Info: figures/5g-48.png  used on input line 456.
(pdftex.def)             Requested size: 254.02402pt x 321.05806pt.
<figures/5g-Eir.png, id=8861, 662.475pt x 833.1125pt>
File: figures/5g-Eir.png Graphic file (type png)
<use figures/5g-Eir.png>
Package pdftex.def Info: figures/5g-Eir.png  used on input line 462.
(pdftex.def)             Requested size: 254.02402pt x 319.4463pt.
<figures/5g-three.png, id=8862, 662.475pt x 833.1125pt>
File: figures/5g-three.png Graphic file (type png)
<use figures/5g-three.png>
Package pdftex.def Info: figures/5g-three.png  used on input line 471.
(pdftex.def)             Requested size: 254.02402pt x 319.4463pt.
<figures/5g-vodafone.png, id=8863, 685.56125pt x 840.13875pt>
File: figures/5g-vodafone.png Graphic file (type png)
<use figures/5g-vodafone.png>
Package pdftex.def Info: figures/5g-vodafone.png  used on input line 477.
(pdftex.def)             Requested size: 254.02402pt x 311.29515pt.
) (./Chapters/Conclusions.tex [45 <./figures/Coverage_heatmaps/gain/Starlink_3dB_mbps.png>] [46 <./figures/5g-48.png> <./figures/5g-Eir.png> <./figures/5g-three.png> <./figures/5g-vodafone.png>]
Chapter 6.
[47

]) [48] (./fyp.bbl
Underfull \hbox (badness 10000) in paragraph at lines 43--48
[]\T1/lmr/m/n/10 (+20) Analysys Ma-son, ``Leo satel-lite broad-band: A cost-effective op-tion for ru-ral ar-
 []


Underfull \hbox (badness 10000) in paragraph at lines 43--48
\T1/lmr/m/n/10 (+20) eas of eu-rope,'' [][]$https : / / assets . aboutamazon . com / 9b / 2f / 553d7e4749d491f1c7d8502b770e /
 []


Underfull \hbox (badness 10000) in paragraph at lines 43--48
\T1/lmr/m/n/10 (+20) analysys-[]mason-[]leo-[]satellite-[]broadband-[]a-[]cost-[]e^^[ective-[]option-[]for-[]rural-[]areas-[]of-[]europe . pdf$[][], Analysys Ma-son,
 []


Underfull \hbox (badness 10000) in paragraph at lines 63--66
[]\T1/lmr/m/n/10 (+20) MathWorks, ``Radar co-or-di-nate sys-tems and frames,'' [][]$https : / / kr . mathworks . com / help / radar / ug /
 []


Underfull \hbox (badness 10000) in paragraph at lines 68--72
[]\T1/lmr/m/n/10 (+20) Commission for Com-mu-ni-ca-tions Reg-u-la-tion (Com-Reg), ``Com-reg mo-bile cov-er-age map,'' [][]$https :
 []


Underfull \hbox (badness 10000) in paragraph at lines 68--72
\T1/lmr/m/n/10 (+20) / / coveragemap . comreg . ie / map ? location = 56 . 6615732 ,[] 5 . 410097599999999 & technology = 5g & network = tesco & place _
 []


Underfull \hbox (badness 3525) in paragraph at lines 85--88
[]\T1/lmr/m/n/10 (+20) European Space Agency, ``Medium earth or-bit (MEO),'' [][]$https : / / www . esa . int / Enabling _ Support / Space _
 []


Underfull \hbox (badness 6825) in paragraph at lines 148--151
[]\T1/lmr/m/n/10 (+20) PayloadSpace, ``Esa re-port shows un-sus-tain-able lev-els of or-bital de-bris,'' [][]$https : / / payloadspace . com /
 []

[49

]
Underfull \hbox (badness 1466) in paragraph at lines 200--204
[]\T1/lmr/m/n/10 (+20) B. Wang, ``Fcc al-lows spacex star-link di-rect to cell-phone power for 4g/5g
 []


Underfull \hbox (badness 3439) in paragraph at lines 215--218
[]\T1/lmr/m/n/10 (+20) International As-tro-nom-i-cal Union, ``Satel-lite con-stel-la-tions,'' [][]$https : / / www . iau . org / public / themes / satellite _
 []

[50]
Underfull \hbox (badness 10000) in paragraph at lines 302--305
[]\T1/lmr/m/n/10 (+20) ``Gps and ecef con-ver-sion (wgs-84 el-lip-soid),'' [][]$http : / / www . mathforengineers . com / math-[]calculators /
 []

[51]) (./Chapters/appendices.tex [52]
Chapter 7.


pdfTeX warning: pdflatex (file ./figures/RaForm.pdf): PDF inclusion: found PDF version <1.7>, but at most version <1.5> allowed
<figures/RaForm.pdf, id=8985, 597.4822pt x 845.1575pt>
File: figures/RaForm.pdf Graphic file (type pdf)
<use figures/RaForm.pdf>
Package pdftex.def Info: figures/RaForm.pdf  used on input line 37.
(pdftex.def)             Requested size: 597.48073pt x 845.15544pt.


pdfTeX warning: pdflatex (file ./figures/RaForm.pdf): PDF inclusion: found PDF version <1.7>, but at most version <1.5> allowed
File: figures/RaForm.pdf Graphic file (type pdf)
<use figures/RaForm.pdf>
Package pdftex.def Info: figures/RaForm.pdf  used on input line 37.
(pdftex.def)             Requested size: 597.48073pt x 845.15544pt.


pdfTeX warning: pdflatex (file ./figures/RaForm.pdf): PDF inclusion: found PDF version <1.7>, but at most version <1.5> allowed


pdfTeX warning: pdflatex (file ./figures/RaForm.pdf): PDF inclusion: found PDF version <1.7>, but at most version <1.5> allowed
<figures/RaForm.pdf, id=8988, page=1, 597.4822pt x 845.1575pt>
File: figures/RaForm.pdf Graphic file (type pdf)
<use figures/RaForm.pdf, page 1>
Package pdftex.def Info: figures/RaForm.pdf , page1 used on input line 37.
(pdftex.def)             Requested size: 597.48073pt x 845.15544pt.
File: figures/RaForm.pdf Graphic file (type pdf)
<use figures/RaForm.pdf, page 1>
Package pdftex.def Info: figures/RaForm.pdf , page1 used on input line 37.
(pdftex.def)             Requested size: 567.60486pt x 802.89508pt.
[53

]
File: figures/RaForm.pdf Graphic file (type pdf)
<use figures/RaForm.pdf, page 1>
Package pdftex.def Info: figures/RaForm.pdf , page1 used on input line 37.
(pdftex.def)             Requested size: 567.60486pt x 802.89508pt.
File: figures/RaForm.pdf Graphic file (type pdf)
<use figures/RaForm.pdf, page 1>
Package pdftex.def Info: figures/RaForm.pdf , page1 used on input line 37.
(pdftex.def)             Requested size: 567.60486pt x 802.89508pt.
File: figures/RaForm.pdf Graphic file (type pdf)
<use figures/RaForm.pdf, page 1>
Package pdftex.def Info: figures/RaForm.pdf , page1 used on input line 37.
(pdftex.def)             Requested size: 567.60486pt x 802.89508pt.
 [54 <./figures/RaForm.pdf>]

pdfTeX warning: pdflatex (file ./figures/RaForm.pdf): PDF inclusion: found PDF version <1.7>, but at most version <1.5> allowed
<figures/RaForm.pdf, id=9106, page=2, 597.4822pt x 845.1575pt>
File: figures/RaForm.pdf Graphic file (type pdf)
<use figures/RaForm.pdf, page 2>
Package pdftex.def Info: figures/RaForm.pdf , page2 used on input line 37.
(pdftex.def)             Requested size: 567.60486pt x 802.89508pt.
File: figures/RaForm.pdf Graphic file (type pdf)
<use figures/RaForm.pdf, page 2>
Package pdftex.def Info: figures/RaForm.pdf , page2 used on input line 37.
(pdftex.def)             Requested size: 567.60486pt x 802.89508pt.
File: figures/RaForm.pdf Graphic file (type pdf)
<use figures/RaForm.pdf, page 2>
Package pdftex.def Info: figures/RaForm.pdf , page2 used on input line 37.
(pdftex.def)             Requested size: 567.60486pt x 802.89508pt.
[55 <./figures/RaForm.pdf>]) [56] (./fyp.aux)

LaTeX Warning: There were multiply-defined labels.

 ) 
Here is how much of TeX's memory you used:
 28207 strings out of 478287
 547280 string characters out of 5849289
 1212618 words of memory out of 5000000
 45193 multiletter control sequences out of 15000+600000
 579620 words of font info for 222 fonts, out of 8000000 for 9000
 1141 hyphenation exceptions out of 8191
 94i,18n,92p,1287b,2417s stack positions out of 5000i,500n,10000p,200000b,80000s
{/usr/share/texmf/fonts/enc/dvips/lm/lm-mathsy.enc}{/usr/share/texmf/fonts/enc/dvips/lm/lm-rm.enc}{/usr/share/texmf/fonts/enc/dvips/lm/lm-ec.enc}{/usr/share/texmf/fonts/enc/dvips/lm/lm-mathit.enc}{/usr/share/texmf/fonts/enc/dvips/lm/lm-mathex.enc}{/usr/share/texmf/fonts/enc/dvips/lm/lm-ts1.enc}</usr/share/texmf/fonts/type1/public/lm/lmbx10.pfb></usr/share/texmf/fonts/type1/public/lm/lmbx12.pfb></usr/share/texmf/fonts/type1/public/lm/lmbx8.pfb></usr/share/texmf/fonts/type1/public/lm/lmbx9.pfb></usr/share/texmf/fonts/type1/public/lm/lmcsc10.pfb></usr/share/texmf/fonts/type1/public/lm/lmex10.pfb></usr/share/texmf/fonts/type1/public/lm/lmmi10.pfb></usr/share/texmf/fonts/type1/public/lm/lmmi5.pfb></usr/share/texmf/fonts/type1/public/lm/lmmi6.pfb></usr/share/texmf/fonts/type1/public/lm/lmmi7.pfb></usr/share/texmf/fonts/type1/public/lm/lmmi9.pfb></usr/share/texmf/fonts/type1/public/lm/lmmib10.pfb></usr/share/texmf/fonts/type1/public/lm/lmr10.pfb></usr/share/texmf/fonts/type1/public/lm/lmr12.pfb></usr/share/texmf/fonts/type1/public/lm/lmr5.pfb></usr/share/texmf/fonts/type1/public/lm/lmr7.pfb></usr/share/texmf/fonts/type1/public/lm/lmr8.pfb></usr/share/texmf/fonts/type1/public/lm/lmr9.pfb></usr/share/texmf/fonts/type1/public/lm/lmri10.pfb></usr/share/texmf/fonts/type1/public/lm/lmri12.pfb></usr/share/texmf/fonts/type1/public/lm/lmsy10.pfb></usr/share/texmf/fonts/type1/public/lm/lmsy5.pfb></usr/share/texmf/fonts/type1/public/lm/lmsy6.pfb></usr/share/texmf/fonts/type1/public/lm/lmsy7.pfb></usr/share/texmf/fonts/type1/public/lm/lmsy9.pfb></usr/share/texmf/fonts/type1/public/lm/lmtt10.pfb></usr/share/texmf/fonts/type1/public/lm/lmtt9.pfb></usr/share/texlive/texmf-dist/fonts/type1/public/amsfonts/symbols/msbm10.pfb>
Output written on fyp.pdf (65 pages, 33638911 bytes).
PDF statistics:
 9619 PDF objects out of 10688 (max. 8388607)
 6656 compressed objects within 67 object streams
 422 named destinations out of 1000 (max. 500000)
 65481 words of extra memory for PDF output out of 74296 (max. 10000000)

