\BOOKMARK [0][-]{chapter.1}{\376\377\000I\000n\000t\000r\000o\000d\000u\000c\000t\000i\000o\000n}{}% 1
\BOOKMARK [1][-]{section.1.1}{\376\377\000B\000a\000c\000k\000g\000r\000o\000u\000n\000d\000\040\000a\000n\000d\000\040\000M\000o\000t\000i\000v\000a\000t\000i\000o\000n}{chapter.1}% 2
\BOOKMARK [1][-]{section.1.2}{\376\377\000W\000h\000a\000t\000\040\000i\000s\000\040\000L\000E\000O}{chapter.1}% 3
\BOOKMARK [1][-]{section.1.3}{\376\377\000C\000o\000m\000p\000a\000r\000i\000s\000o\000n\000\040\000w\000i\000t\000h\000\040\000T\000e\000r\000r\000e\000s\000t\000r\000i\000a\000l\000\040\000N\000e\000t\000w\000o\000r\000k\000s}{chapter.1}% 4
\BOOKMARK [1][-]{section.1.4}{\376\377\000P\000r\000o\000b\000l\000e\000m\000\040\000S\000t\000a\000t\000e\000m\000e\000n\000t}{chapter.1}% 5
\BOOKMARK [1][-]{section.1.5}{\376\377\000R\000e\000s\000e\000a\000r\000c\000h\000\040\000O\000b\000j\000e\000c\000t\000i\000v\000e\000s}{chapter.1}% 6
\BOOKMARK [1][-]{section.1.6}{\376\377\000S\000c\000o\000p\000e\000\040\000o\000f\000\040\000P\000r\000o\000j\000e\000c\000t}{chapter.1}% 7
\BOOKMARK [1][-]{section.1.7}{\376\377\000T\000h\000e\000s\000i\000s\000\040\000S\000t\000r\000u\000c\000t\000u\000r\000e}{chapter.1}% 8
\BOOKMARK [0][-]{chapter.2}{\376\377\000L\000i\000t\000e\000r\000a\000t\000u\000r\000e\000\040\000R\000e\000v\000i\000e\000w}{}% 9
\BOOKMARK [1][-]{section.2.1}{\376\377\000L\000E\000O\000\040\000S\000a\000t\000e\000l\000l\000i\000t\000e\000\040\000C\000o\000n\000s\000t\000e\000l\000l\000a\000t\000i\000o\000n\000\040\000A\000r\000c\000h\000i\000t\000e\000c\000t\000u\000r\000e\000s}{chapter.2}% 10
\BOOKMARK [1][-]{section.2.2}{\376\377\000E\000x\000i\000s\000t\000i\000n\000g\000\040\000L\000E\000O\000\040\000C\000o\000n\000s\000t\000e\000l\000l\000a\000t\000i\000o\000n\000s}{chapter.2}% 11
\BOOKMARK [2][-]{subsection.2.2.1}{\376\377\000O\000n\000e\000W\000e\000b}{section.2.2}% 12
\BOOKMARK [2][-]{subsection.2.2.2}{\376\377\000S\000t\000a\000r\000l\000i\000n\000k}{section.2.2}% 13
\BOOKMARK [2][-]{subsection.2.2.3}{\376\377\000S\000u\000m\000m\000a\000r\000y}{section.2.2}% 14
\BOOKMARK [1][-]{section.2.3}{\376\377\000C\000o\000v\000e\000r\000a\000g\000e\000\040\000a\000n\000d\000\040\000L\000a\000t\000e\000n\000c\000y\000\040\000C\000h\000a\000r\000a\000c\000t\000e\000r\000i\000s\000t\000i\000c\000s\000\040\000o\000f\000\040\000L\000E\000O\000\040\000S\000y\000s\000t\000e\000m\000s}{chapter.2}% 15
\BOOKMARK [1][-]{section.2.4}{\376\377\000C\000a\000p\000a\000c\000i\000t\000y\000\040\000a\000n\000d\000\040\000T\000h\000r\000o\000u\000g\000h\000p\000u\000t\000\040\000M\000o\000d\000e\000l\000l\000i\000n\000g\000\040\000i\000n\000\040\000S\000a\000t\000e\000l\000l\000i\000t\000e\000\040\000N\000e\000t\000w\000o\000r\000k\000s}{chapter.2}% 16
\BOOKMARK [1][-]{section.2.5}{\376\377\000C\000h\000a\000l\000l\000e\000n\000g\000e\000s\000\040\000a\000n\000d\000\040\000L\000i\000m\000i\000t\000a\000t\000i\000o\000n\000s\000\040\000o\000f\000\040\000L\000E\000O\000\040\000S\000y\000s\000t\000e\000m\000s}{chapter.2}% 17
\BOOKMARK [2][-]{subsection.2.5.1}{\376\377\000O\000r\000b\000i\000t\000a\000l\000\040\000c\000o\000n\000g\000e\000s\000t\000i\000o\000n\000\040\000a\000n\000d\000\040\000S\000p\000a\000c\000e\000\040\000d\000e\000b\000r\000i\000s}{section.2.5}% 18
\BOOKMARK [2][-]{subsection.2.5.2}{\376\377\000S\000p\000e\000c\000t\000r\000u\000m\000\040\000a\000n\000d\000\040\000R\000e\000g\000u\000l\000a\000t\000i\000o\000n\000s}{section.2.5}% 19
\BOOKMARK [1][-]{section.2.6}{\376\377\000L\000E\000O\000\040\000S\000a\000t\000e\000l\000l\000i\000t\000e\000\040\000C\000o\000v\000e\000r\000a\000g\000e\000\040\000A\000n\000a\000l\000y\000s\000i\000s\000\040\000i\000n\000\040\000O\000t\000h\000e\000r\000\040\000C\000o\000u\000n\000t\000r\000i\000e\000s}{chapter.2}% 20
\BOOKMARK [2][-]{subsection.2.6.1}{\376\377\000C\000a\000n\000a\000d\000a}{section.2.6}% 21
\BOOKMARK [2][-]{subsection.2.6.2}{\376\377\000A\000u\000s\000t\000r\000a\000l\000i\000a}{section.2.6}% 22
\BOOKMARK [2][-]{subsection.2.6.3}{\376\377\000U\000n\000i\000t\000e\000d\000\040\000S\000t\000a\000t\000e\000s\000\040\000o\000f\000\040\000A\000m\000e\000r\000i\000c\000a\000\040\000-\000\040\000A\000l\000a\000s\000k\000a}{section.2.6}% 23
\BOOKMARK [2][-]{subsection.2.6.4}{\376\377\000R\000e\000l\000e\000v\000a\000n\000c\000e\000\040\000t\000o\000\040\000I\000r\000e\000l\000a\000n\000d}{section.2.6}% 24
\BOOKMARK [1][-]{section.2.7}{\376\377\000L\000E\000O\000\040\000S\000a\000t\000e\000l\000l\000i\000t\000e\000s\000\040\000a\000n\000d\000\040\000D\000i\000r\000e\000c\000t\000-\000t\000o\000-\000D\000e\000v\000i\000c\000e}{chapter.2}% 25
\BOOKMARK [2][-]{subsection.2.7.1}{\376\377\000U\000p\000g\000r\000a\000d\000i\000n\000g\000\040\000E\000x\000i\000s\000t\000i\000n\000g\000\040\000S\000a\000t\000e\000l\000l\000i\000t\000e\000s\000\040\000f\000o\000r\000\040\000D\0002\000D\000\040\000C\000a\000p\000a\000b\000i\000l\000i\000t\000y}{section.2.7}% 26
\BOOKMARK [0][-]{chapter.3}{\376\377\000S\000y\000s\000t\000e\000m\000\040\000D\000e\000s\000i\000g\000n\000\040\000a\000n\000d\000\040\000M\000e\000t\000h\000o\000d\000o\000l\000o\000g\000y}{}% 27
\BOOKMARK [1][-]{section.3.1}{\376\377\000D\000a\000t\000a\000\040\000I\000n\000p\000u\000t\000s}{chapter.3}% 28
\BOOKMARK [1][-]{section.3.2}{\376\377\000T\000w\000o\000\040\000L\000i\000n\000e\000\040\000E\000l\000e\000m\000e\000n\000t\000\040\000D\000a\000t\000a}{chapter.3}% 29
\BOOKMARK [1][-]{section.3.3}{\376\377\000O\000r\000b\000i\000t\000\040\000P\000r\000o\000p\000a\000g\000a\000t\000i\000o\000n}{chapter.3}% 30
\BOOKMARK [1][-]{section.3.4}{\376\377\000C\000o\000o\000r\000d\000i\000n\000a\000t\000e\000\040\000S\000y\000s\000t\000e\000m\000s}{chapter.3}% 31
\BOOKMARK [2][-]{subsection.3.4.1}{\376\377\000T\000E\000M\000E}{section.3.4}% 32
\BOOKMARK [2][-]{subsection.3.4.2}{\376\377\000E\000C\000E\000F}{section.3.4}% 33
\BOOKMARK [1][-]{section.3.5}{\376\377\000A\000s\000s\000u\000m\000p\000t\000i\000o\000n\000s}{chapter.3}% 34
\BOOKMARK [0][-]{chapter.4}{\376\377\000I\000m\000p\000l\000e\000m\000e\000n\000t\000a\000t\000i\000o\000n}{}% 35
\BOOKMARK [1][-]{section.4.1}{\376\377\000S\000i\000m\000u\000l\000a\000t\000i\000o\000n\000\040\000P\000a\000r\000a\000m\000e\000t\000e\000r\000\040\000I\000n\000i\000t\000i\000a\000l\000i\000z\000a\000t\000i\000o\000n}{chapter.4}% 36
\BOOKMARK [1][-]{section.4.2}{\376\377\000D\000a\000t\000a\000\040\000a\000c\000q\000u\000i\000s\000i\000t\000i\000o\000n}{chapter.4}% 37
\BOOKMARK [1][-]{section.4.3}{\376\377\000O\000r\000b\000i\000t\000\040\000p\000r\000o\000p\000a\000g\000a\000t\000i\000o\000n}{chapter.4}% 38
\BOOKMARK [1][-]{section.4.4}{\376\377\000C\000o\000o\000r\000d\000i\000n\000a\000t\000e\000\040\000T\000r\000a\000n\000s\000f\000o\000r\000m\000a\000t\000i\000o\000n\000s}{chapter.4}% 39
\BOOKMARK [2][-]{subsection.4.4.1}{\376\377\000T\000E\000M\000E\000\040\000t\000o\000\040\000E\000C\000E\000F}{section.4.4}% 40
\BOOKMARK [2][-]{subsection.4.4.2}{\376\377\000G\000e\000o\000d\000e\000t\000i\000c\000\040\000E\000C\000E\000F}{section.4.4}% 41
\BOOKMARK [1][-]{section.4.5}{\376\377\000V\000i\000s\000i\000b\000i\000l\000i\000t\000y\000\040\000L\000o\000g\000i\000c}{chapter.4}% 42
\BOOKMARK [1][-]{section.4.6}{\376\377\000B\000e\000a\000m\000\040\000w\000i\000d\000t\000h\000\040\000C\000o\000v\000e\000r\000a\000g\000e\000\040\000M\000o\000d\000e\000l}{chapter.4}% 43
\BOOKMARK [1][-]{section.4.7}{\376\377\000C\000o\000v\000e\000r\000a\000g\000e\000\040\000W\000i\000n\000d\000o\000w\000\040\000D\000e\000t\000e\000c\000t\000i\000o\000n\000\040\000a\000n\000d\000\040\000T\000r\000a\000c\000k\000i\000n\000g}{chapter.4}% 44
\BOOKMARK [1][-]{section.4.8}{\376\377\000C\000o\000v\000e\000r\000a\000g\000e\000\040\000C\000a\000p\000a\000b\000i\000l\000i\000t\000y}{chapter.4}% 45
\BOOKMARK [1][-]{section.4.9}{\376\377\000O\000p\000t\000i\000m\000a\000l\000\040\000S\000a\000t\000e\000l\000l\000i\000t\000e\000\040\000S\000e\000l\000e\000c\000t\000i\000o\000n}{chapter.4}% 46
\BOOKMARK [1][-]{section.4.10}{\376\377\000C\000o\000m\000p\000u\000t\000a\000t\000i\000o\000n\000a\000l\000\040\000C\000o\000m\000p\000l\000e\000x\000i\000t\000y\000\040\000a\000n\000d\000\040\000r\000u\000n\000\040\000t\000i\000m\000e}{chapter.4}% 47
\BOOKMARK [0][-]{chapter.5}{\376\377\000R\000e\000s\000u\000l\000t\000s}{}% 48
\BOOKMARK [1][-]{section.5.1}{\376\377\0005\000G\000\040\000C\000o\000v\000e\000r\000a\000g\000e\000\040\000A\000n\000a\000l\000y\000s\000i\000s}{chapter.5}% 49
\BOOKMARK [1][-]{section.5.2}{\376\377\000P\000e\000r\000f\000o\000r\000m\000a\000n\000c\000e\000\040\000M\000e\000t\000r\000i\000c\000s}{chapter.5}% 50
\BOOKMARK [2][-]{subsection.5.2.1}{\376\377\000T\000h\000r\000o\000u\000g\000h\000p\000u\000t}{section.5.2}% 51
\BOOKMARK [0][-]{chapter.6}{\376\377\000C\000o\000n\000c\000l\000u\000s\000i\000o\000n\000s}{}% 52
